<?xml version="1.0" encoding="UTF-8"?>
<!-- Generated by org.testng.reporters.JUnitReportReporter -->
<testsuite hostname="RWAMW031586" failures="0" tests="1" name="Phptravels.tests.MyTest" time="7.895" errors="0" timestamp="2020-05-14T13:26:53 CEST" skipped="0">
  <testcase classname="Phptravels.tests.MyTest" name="searchTest" time="7.895"/>
  <system-out/>
</testsuite> <!-- Phptravels.tests.MyTest -->
